{"C:\\Users\\chong\\Downloads\\banking-console-app\\src\\banking.js": {"path":"C:\\Users\\chong\\Downloads\\banking-console-app\\src\\banking.js","statementMap":{"0":{"start":{"line":1,"column":17},"end":{"line":1,"column":19}},"1":{"start":{"line":2,"column":22},"end":{"line":2,"column":24}},"2":{"start":{"line":4,"column":27},"end":{"line":16,"column":1}},"3":{"start":{"line":5,"column":42},"end":{"line":5,"column":58}},"4":{"start":{"line":6,"column":4},"end":{"line":6,"column":105}},"5":{"start":{"line":6,"column":68},"end":{"line":6,"column":105}},"6":{"start":{"line":8,"column":4},"end":{"line":8,"column":51}},"7":{"start":{"line":8,"column":28},"end":{"line":8,"column":51}},"8":{"start":{"line":9,"column":25},"end":{"line":9,"column":42}},"9":{"start":{"line":11,"column":4},"end":{"line":11,"column":105}},"10":{"start":{"line":11,"column":74},"end":{"line":11,"column":105}},"11":{"start":{"line":13,"column":18},"end":{"line":13,"column":79}},"12":{"start":{"line":14,"column":4},"end":{"line":14,"column":93}},"13":{"start":{"line":15,"column":4},"end":{"line":15,"column":44}},"14":{"start":{"line":18,"column":28},"end":{"line":25,"column":1}},"15":{"start":{"line":19,"column":33},"end":{"line":19,"column":49}},"16":{"start":{"line":20,"column":4},"end":{"line":20,"column":108}},"17":{"start":{"line":20,"column":69},"end":{"line":20,"column":108}},"18":{"start":{"line":22,"column":4},"end":{"line":22,"column":71}},"19":{"start":{"line":23,"column":4},"end":{"line":23,"column":63}},"20":{"start":{"line":23,"column":33},"end":{"line":23,"column":61}},"21":{"start":{"line":24,"column":4},"end":{"line":24,"column":37}},"22":{"start":{"line":27,"column":38},"end":{"line":85,"column":1}},"23":{"start":{"line":28,"column":4},"end":{"line":28,"column":56}},"24":{"start":{"line":28,"column":28},"end":{"line":28,"column":56}},"25":{"start":{"line":30,"column":23},"end":{"line":30,"column":40}},"26":{"start":{"line":32,"column":25},"end":{"line":34,"column":85}},"27":{"start":{"line":33,"column":23},"end":{"line":33,"column":50}},"28":{"start":{"line":34,"column":30},"end":{"line":34,"column":81}},"29":{"start":{"line":36,"column":4},"end":{"line":36,"column":78}},"30":{"start":{"line":36,"column":46},"end":{"line":36,"column":76}},"31":{"start":{"line":37,"column":4},"end":{"line":37,"column":77}},"32":{"start":{"line":37,"column":35},"end":{"line":37,"column":77}},"33":{"start":{"line":39,"column":18},"end":{"line":39,"column":32}},"34":{"start":{"line":40,"column":26},"end":{"line":40,"column":27}},"35":{"start":{"line":41,"column":26},"end":{"line":41,"column":28}},"36":{"start":{"line":42,"column":24},"end":{"line":42,"column":43}},"37":{"start":{"line":44,"column":23},"end":{"line":44,"column":39}},"38":{"start":{"line":45,"column":22},"end":{"line":45,"column":51}},"39":{"start":{"line":46,"column":24},"end":{"line":46,"column":55}},"40":{"start":{"line":48,"column":4},"end":{"line":75,"column":5}},"41":{"start":{"line":48,"column":19},"end":{"line":48,"column":20}},"42":{"start":{"line":49,"column":21},"end":{"line":49,"column":66}},"43":{"start":{"line":52,"column":27},"end":{"line":52,"column":34}},"44":{"start":{"line":54,"column":24},"end":{"line":54,"column":45}},"45":{"start":{"line":55,"column":26},"end":{"line":55,"column":49}},"46":{"start":{"line":58,"column":8},"end":{"line":68,"column":9}},"47":{"start":{"line":58,"column":51},"end":{"line":58,"column":88}},"48":{"start":{"line":59,"column":28},"end":{"line":59,"column":91}},"49":{"start":{"line":60,"column":38},"end":{"line":60,"column":80}},"50":{"start":{"line":61,"column":12},"end":{"line":61,"column":49}},"51":{"start":{"line":63,"column":12},"end":{"line":63,"column":171}},"52":{"start":{"line":65,"column":12},"end":{"line":65,"column":77}},"53":{"start":{"line":66,"column":12},"end":{"line":66,"column":34}},"54":{"start":{"line":67,"column":12},"end":{"line":67,"column":38}},"55":{"start":{"line":70,"column":8},"end":{"line":74,"column":15}},"56":{"start":{"line":71,"column":27},"end":{"line":71,"column":44}},"57":{"start":{"line":73,"column":16},"end":{"line":73,"column":71}},"58":{"start":{"line":79,"column":4},"end":{"line":79,"column":61}},"59":{"start":{"line":82,"column":4},"end":{"line":82,"column":102}},"60":{"start":{"line":84,"column":4},"end":{"line":84,"column":63}},"61":{"start":{"line":87,"column":24},"end":{"line":103,"column":1}},"62":{"start":{"line":88,"column":4},"end":{"line":88,"column":56}},"63":{"start":{"line":88,"column":28},"end":{"line":88,"column":56}},"64":{"start":{"line":90,"column":25},"end":{"line":90,"column":88}},"65":{"start":{"line":90,"column":57},"end":{"line":90,"column":87}},"66":{"start":{"line":91,"column":4},"end":{"line":91,"column":71}},"67":{"start":{"line":91,"column":35},"end":{"line":91,"column":71}},"68":{"start":{"line":93,"column":18},"end":{"line":93,"column":32}},"69":{"start":{"line":94,"column":17},"end":{"line":94,"column":54}},"70":{"start":{"line":95,"column":4},"end":{"line":95,"column":71}},"71":{"start":{"line":97,"column":4},"end":{"line":100,"column":7}},"72":{"start":{"line":98,"column":8},"end":{"line":98,"column":95}},"73":{"start":{"line":99,"column":8},"end":{"line":99,"column":155}},"74":{"start":{"line":102,"column":4},"end":{"line":102,"column":18}},"75":{"start":{"line":105,"column":19},"end":{"line":110,"column":1}},"76":{"start":{"line":106,"column":4},"end":{"line":106,"column":37}},"77":{"start":{"line":106,"column":28},"end":{"line":106,"column":37}},"78":{"start":{"line":107,"column":4},"end":{"line":109,"column":86}},"79":{"start":{"line":108,"column":23},"end":{"line":108,"column":38}},"80":{"start":{"line":109,"column":30},"end":{"line":109,"column":81}},"81":{"start":{"line":112,"column":26},"end":{"line":119,"column":1}},"82":{"start":{"line":113,"column":27},"end":{"line":113,"column":29}},"83":{"start":{"line":114,"column":4},"end":{"line":117,"column":5}},"84":{"start":{"line":115,"column":8},"end":{"line":116,"column":19}},"85":{"start":{"line":115,"column":31},"end":{"line":115,"column":62}},"86":{"start":{"line":116,"column":13},"end":{"line":116,"column":19}},"87":{"start":{"line":118,"column":4},"end":{"line":118,"column":28}},"88":{"start":{"line":121,"column":24},"end":{"line":128,"column":1}},"89":{"start":{"line":122,"column":25},"end":{"line":122,"column":26}},"90":{"start":{"line":123,"column":4},"end":{"line":126,"column":5}},"91":{"start":{"line":124,"column":8},"end":{"line":125,"column":19}},"92":{"start":{"line":124,"column":31},"end":{"line":124,"column":58}},"93":{"start":{"line":125,"column":13},"end":{"line":125,"column":19}},"94":{"start":{"line":127,"column":4},"end":{"line":127,"column":26}},"95":{"start":{"line":131,"column":0},"end":{"line":131,"column":109}}},"fnMap":{"0":{"name":"(anonymous_0)","decl":{"start":{"line":4,"column":27},"end":{"line":4,"column":28}},"loc":{"start":{"line":4,"column":38},"end":{"line":16,"column":1}},"line":4},"1":{"name":"(anonymous_1)","decl":{"start":{"line":18,"column":28},"end":{"line":18,"column":29}},"loc":{"start":{"line":18,"column":39},"end":{"line":25,"column":1}},"line":18},"2":{"name":"(anonymous_2)","decl":{"start":{"line":23,"column":23},"end":{"line":23,"column":24}},"loc":{"start":{"line":23,"column":33},"end":{"line":23,"column":61}},"line":23},"3":{"name":"(anonymous_3)","decl":{"start":{"line":27,"column":38},"end":{"line":27,"column":39}},"loc":{"start":{"line":27,"column":62},"end":{"line":85,"column":1}},"line":27},"4":{"name":"(anonymous_4)","decl":{"start":{"line":33,"column":16},"end":{"line":33,"column":17}},"loc":{"start":{"line":33,"column":23},"end":{"line":33,"column":50}},"line":33},"5":{"name":"(anonymous_5)","decl":{"start":{"line":34,"column":16},"end":{"line":34,"column":17}},"loc":{"start":{"line":34,"column":30},"end":{"line":34,"column":81}},"line":34},"6":{"name":"(anonymous_6)","decl":{"start":{"line":36,"column":39},"end":{"line":36,"column":40}},"loc":{"start":{"line":36,"column":46},"end":{"line":36,"column":76}},"line":36},"7":{"name":"(anonymous_7)","decl":{"start":{"line":58,"column":44},"end":{"line":58,"column":45}},"loc":{"start":{"line":58,"column":51},"end":{"line":58,"column":88}},"line":58},"8":{"name":"(anonymous_8)","decl":{"start":{"line":71,"column":20},"end":{"line":71,"column":21}},"loc":{"start":{"line":71,"column":27},"end":{"line":71,"column":44}},"line":71},"9":{"name":"(anonymous_9)","decl":{"start":{"line":72,"column":21},"end":{"line":72,"column":22}},"loc":{"start":{"line":72,"column":28},"end":{"line":74,"column":13}},"line":72},"10":{"name":"(anonymous_10)","decl":{"start":{"line":87,"column":24},"end":{"line":87,"column":25}},"loc":{"start":{"line":87,"column":64},"end":{"line":103,"column":1}},"line":87},"11":{"name":"(anonymous_11)","decl":{"start":{"line":90,"column":50},"end":{"line":90,"column":51}},"loc":{"start":{"line":90,"column":57},"end":{"line":90,"column":87}},"line":90},"12":{"name":"(anonymous_12)","decl":{"start":{"line":97,"column":25},"end":{"line":97,"column":26}},"loc":{"start":{"line":97,"column":32},"end":{"line":100,"column":5}},"line":97},"13":{"name":"(anonymous_13)","decl":{"start":{"line":105,"column":19},"end":{"line":105,"column":20}},"loc":{"start":{"line":105,"column":38},"end":{"line":110,"column":1}},"line":105},"14":{"name":"(anonymous_14)","decl":{"start":{"line":108,"column":16},"end":{"line":108,"column":17}},"loc":{"start":{"line":108,"column":23},"end":{"line":108,"column":38}},"line":108},"15":{"name":"(anonymous_15)","decl":{"start":{"line":109,"column":16},"end":{"line":109,"column":17}},"loc":{"start":{"line":109,"column":30},"end":{"line":109,"column":81}},"line":109},"16":{"name":"(anonymous_16)","decl":{"start":{"line":112,"column":26},"end":{"line":112,"column":27}},"loc":{"start":{"line":112,"column":36},"end":{"line":119,"column":1}},"line":112},"17":{"name":"(anonymous_17)","decl":{"start":{"line":121,"column":24},"end":{"line":121,"column":25}},"loc":{"start":{"line":121,"column":34},"end":{"line":128,"column":1}},"line":121}},"branchMap":{"0":{"loc":{"start":{"line":6,"column":4},"end":{"line":6,"column":105}},"type":"if","locations":[{"start":{"line":6,"column":4},"end":{"line":6,"column":105}},{"start":{},"end":{}}],"line":6},"1":{"loc":{"start":{"line":6,"column":8},"end":{"line":6,"column":66}},"type":"binary-expr","locations":[{"start":{"line":6,"column":8},"end":{"line":6,"column":13}},{"start":{"line":6,"column":17},"end":{"line":6,"column":25}},{"start":{"line":6,"column":29},"end":{"line":6,"column":34}},{"start":{"line":6,"column":38},"end":{"line":6,"column":51}},{"start":{"line":6,"column":55},"end":{"line":6,"column":66}}],"line":6},"2":{"loc":{"start":{"line":8,"column":4},"end":{"line":8,"column":51}},"type":"if","locations":[{"start":{"line":8,"column":4},"end":{"line":8,"column":51}},{"start":{},"end":{}}],"line":8},"3":{"loc":{"start":{"line":11,"column":4},"end":{"line":11,"column":105}},"type":"if","locations":[{"start":{"line":11,"column":4},"end":{"line":11,"column":105}},{"start":{},"end":{}}],"line":11},"4":{"loc":{"start":{"line":11,"column":8},"end":{"line":11,"column":72}},"type":"binary-expr","locations":[{"start":{"line":11,"column":8},"end":{"line":11,"column":34}},{"start":{"line":11,"column":38},"end":{"line":11,"column":72}}],"line":11},"5":{"loc":{"start":{"line":20,"column":4},"end":{"line":20,"column":108}},"type":"if","locations":[{"start":{"line":20,"column":4},"end":{"line":20,"column":108}},{"start":{},"end":{}}],"line":20},"6":{"loc":{"start":{"line":20,"column":8},"end":{"line":20,"column":67}},"type":"binary-expr","locations":[{"start":{"line":20,"column":8},"end":{"line":20,"column":13}},{"start":{"line":20,"column":17},"end":{"line":20,"column":24}},{"start":{"line":20,"column":28},"end":{"line":20,"column":39}},{"start":{"line":20,"column":43},"end":{"line":20,"column":52}},{"start":{"line":20,"column":56},"end":{"line":20,"column":67}}],"line":20},"7":{"loc":{"start":{"line":28,"column":4},"end":{"line":28,"column":56}},"type":"if","locations":[{"start":{"line":28,"column":4},"end":{"line":28,"column":56}},{"start":{},"end":{}}],"line":28},"8":{"loc":{"start":{"line":34,"column":37},"end":{"line":34,"column":80}},"type":"cond-expr","locations":[{"start":{"line":34,"column":56},"end":{"line":34,"column":66}},{"start":{"line":34,"column":69},"end":{"line":34,"column":80}}],"line":34},"9":{"loc":{"start":{"line":37,"column":4},"end":{"line":37,"column":77}},"type":"if","locations":[{"start":{"line":37,"column":4},"end":{"line":37,"column":77}},{"start":{},"end":{}}],"line":37},"10":{"loc":{"start":{"line":58,"column":8},"end":{"line":68,"column":9}},"type":"if","locations":[{"start":{"line":58,"column":8},"end":{"line":68,"column":9}},{"start":{},"end":{}}],"line":58},"11":{"loc":{"start":{"line":58,"column":12},"end":{"line":58,"column":116}},"type":"binary-expr","locations":[{"start":{"line":58,"column":12},"end":{"line":58,"column":22}},{"start":{"line":58,"column":26},"end":{"line":58,"column":89}},{"start":{"line":58,"column":93},"end":{"line":58,"column":116}}],"line":58},"12":{"loc":{"start":{"line":58,"column":51},"end":{"line":58,"column":88}},"type":"binary-expr","locations":[{"start":{"line":58,"column":51},"end":{"line":58,"column":68}},{"start":{"line":58,"column":72},"end":{"line":58,"column":88}}],"line":58},"13":{"loc":{"start":{"line":73,"column":27},"end":{"line":73,"column":70}},"type":"cond-expr","locations":[{"start":{"line":73,"column":46},"end":{"line":73,"column":56}},{"start":{"line":73,"column":59},"end":{"line":73,"column":70}}],"line":73},"14":{"loc":{"start":{"line":88,"column":4},"end":{"line":88,"column":56}},"type":"if","locations":[{"start":{"line":88,"column":4},"end":{"line":88,"column":56}},{"start":{},"end":{}}],"line":88},"15":{"loc":{"start":{"line":91,"column":4},"end":{"line":91,"column":71}},"type":"if","locations":[{"start":{"line":91,"column":4},"end":{"line":91,"column":71}},{"start":{},"end":{}}],"line":91},"16":{"loc":{"start":{"line":98,"column":19},"end":{"line":98,"column":94}},"type":"cond-expr","locations":[{"start":{"line":98,"column":38},"end":{"line":98,"column":48}},{"start":{"line":98,"column":51},"end":{"line":98,"column":94}}],"line":98},"17":{"loc":{"start":{"line":98,"column":51},"end":{"line":98,"column":94}},"type":"cond-expr","locations":[{"start":{"line":98,"column":70},"end":{"line":98,"column":81}},{"start":{"line":98,"column":84},"end":{"line":98,"column":94}}],"line":98},"18":{"loc":{"start":{"line":106,"column":4},"end":{"line":106,"column":37}},"type":"if","locations":[{"start":{"line":106,"column":4},"end":{"line":106,"column":37}},{"start":{},"end":{}}],"line":106},"19":{"loc":{"start":{"line":109,"column":37},"end":{"line":109,"column":80}},"type":"cond-expr","locations":[{"start":{"line":109,"column":56},"end":{"line":109,"column":66}},{"start":{"line":109,"column":69},"end":{"line":109,"column":80}}],"line":109},"20":{"loc":{"start":{"line":115,"column":8},"end":{"line":116,"column":19}},"type":"if","locations":[{"start":{"line":115,"column":8},"end":{"line":116,"column":19}},{"start":{"line":116,"column":13},"end":{"line":116,"column":19}}],"line":115},"21":{"loc":{"start":{"line":124,"column":8},"end":{"line":125,"column":19}},"type":"if","locations":[{"start":{"line":124,"column":8},"end":{"line":125,"column":19}},{"start":{"line":125,"column":13},"end":{"line":125,"column":19}}],"line":124}},"s":{"0":1,"1":1,"2":1,"3":4,"4":4,"5":0,"6":4,"7":3,"8":4,"9":4,"10":1,"11":3,"12":3,"13":3,"14":1,"15":1,"16":1,"17":1,"18":0,"19":0,"20":0,"21":0,"22":1,"23":1,"24":1,"25":0,"26":0,"27":0,"28":0,"29":0,"30":0,"31":0,"32":0,"33":0,"34":0,"35":0,"36":0,"37":0,"38":0,"39":0,"40":0,"41":0,"42":0,"43":0,"44":0,"45":0,"46":0,"47":0,"48":0,"49":0,"50":0,"51":0,"52":0,"53":0,"54":0,"55":0,"56":0,"57":0,"58":0,"59":0,"60":0,"61":1,"62":0,"63":0,"64":0,"65":0,"66":0,"67":0,"68":0,"69":0,"70":0,"71":0,"72":0,"73":0,"74":0,"75":1,"76":2,"77":0,"78":2,"79":1,"80":1,"81":1,"82":0,"83":0,"84":0,"85":0,"86":0,"87":0,"88":1,"89":0,"90":0,"91":0,"92":0,"93":0,"94":0,"95":1},"f":{"0":4,"1":1,"2":0,"3":1,"4":0,"5":0,"6":0,"7":0,"8":0,"9":0,"10":0,"11":0,"12":0,"13":2,"14":1,"15":1,"16":0,"17":0},"b":{"0":[0,4],"1":[4,4,4,4,4],"2":[3,1],"3":[1,3],"4":[4,2],"5":[1,0],"6":[1,1,1,1,0],"7":[1,0],"8":[0,0],"9":[0,0],"10":[0,0],"11":[0,0,0],"12":[0,0],"13":[0,0],"14":[0,0],"15":[0,0],"16":[0,0],"17":[0,0],"18":[0,2],"19":[1,0],"20":[0,0],"21":[0,0]},"_coverageSchema":"1a1c01bbd47fc00a2c39e90264f33305004495a9","hash":"4cc83fd496ee2548554b28be6a21cd90e1d60757"}
}
