TN:
SF:src\banking.js
FN:4,(anonymous_0)
FN:18,(anonymous_1)
FN:23,(anonymous_2)
FN:27,(anonymous_3)
FN:33,(anonymous_4)
FN:34,(anonymous_5)
FN:36,(anonymous_6)
FN:58,(anonymous_7)
FN:71,(anonymous_8)
FN:72,(anonymous_9)
FN:87,(anonymous_10)
FN:90,(anonymous_11)
FN:97,(anonymous_12)
FN:105,(anonymous_13)
FN:108,(anonymous_14)
FN:109,(anonymous_15)
FN:112,(anonymous_16)
FN:121,(anonymous_17)
FNF:18
FNH:6
FNDA:4,(anonymous_0)
FNDA:1,(anonymous_1)
FNDA:0,(anonymous_2)
FNDA:1,(anonymous_3)
FNDA:0,(anonymous_4)
FNDA:0,(anonymous_5)
FNDA:0,(anonymous_6)
FNDA:0,(anonymous_7)
FNDA:0,(anonymous_8)
FNDA:0,(anonymous_9)
FNDA:0,(anonymous_10)
FNDA:0,(anonymous_11)
FNDA:0,(anonymous_12)
FNDA:2,(anonymous_13)
FNDA:1,(anonymous_14)
FNDA:1,(anonymous_15)
FNDA:0,(anonymous_16)
FNDA:0,(anonymous_17)
DA:1,1
DA:2,1
DA:4,1
DA:5,4
DA:6,4
DA:8,4
DA:9,4
DA:11,4
DA:13,3
DA:14,3
DA:15,3
DA:18,1
DA:19,1
DA:20,1
DA:22,0
DA:23,0
DA:24,0
DA:27,1
DA:28,1
DA:30,0
DA:32,0
DA:33,0
DA:34,0
DA:36,0
DA:37,0
DA:39,0
DA:40,0
DA:41,0
DA:42,0
DA:44,0
DA:45,0
DA:46,0
DA:48,0
DA:49,0
DA:52,0
DA:54,0
DA:55,0
DA:58,0
DA:59,0
DA:60,0
DA:61,0
DA:63,0
DA:65,0
DA:66,0
DA:67,0
DA:70,0
DA:71,0
DA:73,0
DA:79,0
DA:82,0
DA:84,0
DA:87,1
DA:88,0
DA:90,0
DA:91,0
DA:93,0
DA:94,0
DA:95,0
DA:97,0
DA:98,0
DA:99,0
DA:102,0
DA:105,1
DA:106,2
DA:107,2
DA:108,1
DA:109,1
DA:112,1
DA:113,0
DA:114,0
DA:115,0
DA:116,0
DA:118,0
DA:121,1
DA:122,0
DA:123,0
DA:124,0
DA:125,0
DA:127,0
DA:131,1
LF:80
LH:25
BRDA:6,0,0,0
BRDA:6,0,1,4
BRDA:6,1,0,4
BRDA:6,1,1,4
BRDA:6,1,2,4
BRDA:6,1,3,4
BRDA:6,1,4,4
BRDA:8,2,0,3
BRDA:8,2,1,1
BRDA:11,3,0,1
BRDA:11,3,1,3
BRDA:11,4,0,4
BRDA:11,4,1,2
BRDA:20,5,0,1
BRDA:20,5,1,0
BRDA:20,6,0,1
BRDA:20,6,1,1
BRDA:20,6,2,1
BRDA:20,6,3,1
BRDA:20,6,4,0
BRDA:28,7,0,1
BRDA:28,7,1,0
BRDA:34,8,0,0
BRDA:34,8,1,0
BRDA:37,9,0,0
BRDA:37,9,1,0
BRDA:58,10,0,0
BRDA:58,10,1,0
BRDA:58,11,0,0
BRDA:58,11,1,0
BRDA:58,11,2,0
BRDA:58,12,0,0
BRDA:58,12,1,0
BRDA:73,13,0,0
BRDA:73,13,1,0
BRDA:88,14,0,0
BRDA:88,14,1,0
BRDA:91,15,0,0
BRDA:91,15,1,0
BRDA:98,16,0,0
BRDA:98,16,1,0
BRDA:98,17,0,0
BRDA:98,17,1,0
BRDA:106,18,0,0
BRDA:106,18,1,2
BRDA:109,19,0,1
BRDA:109,19,1,0
BRDA:115,20,0,0
BRDA:115,20,1,0
BRDA:124,21,0,0
BRDA:124,21,1,0
BRF:51
BRH:20
end_of_record
